Using pre-set license
Built from '2022.1/staging' branch; Version is '2022.1.24f1 (709dddfb713f) revision 7380445'; Using compiler version '192829333'; Build Type 'Release'
OS: 'Windows 11  (10.0.22631) 64bit Enterprise' Language: 'en' Physical Memory: 32509 MB
BatchMode: 1, IsHumanControllingUs: 0, StartBugReporterOnCrash: 0, Is64bit: 1, IsPro: 1

COMMAND LINE ARGUMENTS:
D:\Software\Unity\Unity 2022.1.24f1\Editor\Unity.exe
-adb2
-batchMode
-noUpm
-name
AssetImportWorker0
-projectPath
D:/Backgammon/main project/backgammon 2D
-logFile
Logs/AssetImportWorker0.log
-srvPort
<<<<<<< HEAD
7349
Successfully changed project path to: D:/Backgammon/main project/backgammon 2D - part 2
D:/Backgammon/main project/backgammon 2D - part 2
=======
10281
Successfully changed project path to: D:/Backgammon/main project/backgammon 2D
D:/Backgammon/main project/backgammon 2D
>>>>>>> parent of 375d7ce (part 2 changes)
[UnityMemory] Configuration Parameters - Can be set up in boot.config
    "memorysetup-bucket-allocator-granularity=16"
    "memorysetup-bucket-allocator-bucket-count=8"
    "memorysetup-bucket-allocator-block-size=33554432"
    "memorysetup-bucket-allocator-block-count=8"
    "memorysetup-main-allocator-block-size=16777216"
    "memorysetup-thread-allocator-block-size=16777216"
    "memorysetup-gfx-main-allocator-block-size=16777216"
    "memorysetup-gfx-thread-allocator-block-size=16777216"
    "memorysetup-cache-allocator-block-size=4194304"
    "memorysetup-typetree-allocator-block-size=2097152"
    "memorysetup-profiler-bucket-allocator-granularity=16"
    "memorysetup-profiler-bucket-allocator-bucket-count=8"
    "memorysetup-profiler-bucket-allocator-block-size=33554432"
    "memorysetup-profiler-bucket-allocator-block-count=8"
    "memorysetup-profiler-allocator-block-size=16777216"
    "memorysetup-profiler-editor-allocator-block-size=1048576"
    "memorysetup-temp-allocator-size-main=16777216"
    "memorysetup-job-temp-allocator-block-size=2097152"
    "memorysetup-job-temp-allocator-block-size-background=1048576"
    "memorysetup-job-temp-allocator-reduction-small-platforms=262144"
    "memorysetup-temp-allocator-size-background-worker=32768"
    "memorysetup-temp-allocator-size-job-worker=262144"
    "memorysetup-temp-allocator-size-preload-manager=33554432"
    "memorysetup-temp-allocator-size-nav-mesh-worker=65536"
    "memorysetup-temp-allocator-size-audio-worker=65536"
    "memorysetup-temp-allocator-size-cloud-worker=32768"
    "memorysetup-temp-allocator-size-gi-baking-worker=262144"
    "memorysetup-temp-allocator-size-gfx=262144"
<<<<<<< HEAD
Player connection [41240] Host "[IP] 100.127.255.249 [Port] 0 [Flags] 2 [Guid] 3645111607 [EditorId] 3645111607 [Version] 1048832 [Id] WindowsEditor(7,DESKTOP-90LSGKO) [Debug] 1 [PackageName] WindowsEditor [ProjectName] Editor" joined multi-casting on [225.0.0.222:54997]...

Player connection [41240] Host "[IP] 100.127.255.249 [Port] 0 [Flags] 2 [Guid] 3645111607 [EditorId] 3645111607 [Version] 1048832 [Id] WindowsEditor(7,DESKTOP-90LSGKO) [Debug] 1 [PackageName] WindowsEditor [ProjectName] Editor" joined alternative multi-casting on [225.0.0.222:34997]...

[Physics::Module] Initialized MultithreadedJobDispatcher with 11 workers.
Refreshing native plugins compatible for Editor in 10.64 ms, found 3 plugins.
=======
Refreshing native plugins compatible for Editor in 217.53 ms, found 3 plugins.
>>>>>>> parent of 375d7ce (part 2 changes)
Preloading 0 native plugins for Editor in 0.00 ms.
Initialize engine version: 2022.1.24f1 (709dddfb713f)
[Subsystems] Discovering subsystems at path D:/Software/Unity/Unity 2022.1.24f1/Editor/Data/Resources/UnitySubsystems
[Subsystems] Discovering subsystems at path D:/Backgammon/main project/backgammon 2D/Assets
GfxDevice: creating device client; threaded=0; jobified=0
Direct3D:
    Version:  Direct3D 11.0 [level 11.1]
    Renderer: NVIDIA GeForce RTX 3080 (ID=0x220a)
    Vendor:   NVIDIA
    VRAM:     12093 MB
    Driver:   31.0.15.5176
Initialize mono
<<<<<<< HEAD
Mono path[0] = 'D:/Software/Unity/2022.3.22f1/Editor/Data/Managed'
Mono path[1] = 'D:/Software/Unity/2022.3.22f1/Editor/Data/MonoBleedingEdge/lib/mono/unityjit-win32'
Mono config path = 'D:/Software/Unity/2022.3.22f1/Editor/Data/MonoBleedingEdge/etc'
Using monoOptions --debugger-agent=transport=dt_socket,embedding=1,server=y,suspend=n,address=127.0.0.1:56180
Begin MonoManager ReloadAssembly
Registering precompiled unity dll's ...
Register platform support module: D:/Software/Unity/2022.3.22f1/Editor/Data/PlaybackEngines/AndroidPlayer/UnityEditor.Android.Extensions.dll
Register platform support module: D:/Software/Unity/2022.3.22f1/Editor/Data/PlaybackEngines/WindowsStandaloneSupport/UnityEditor.WindowsStandalone.Extensions.dll
Registered in 0.002505 seconds.
- Loaded All Assemblies, in  0.321 seconds
Native extension for WindowsStandalone target not found
Native extension for Android target not found
Android Extension - Scanning For ADB Devices 236 ms
Mono: successfully reloaded assembly
- Finished resetting the current domain, in  0.541 seconds
Domain Reload Profiling: 862ms
	BeginReloadAssembly (107ms)
		ExecutionOrderSort (0ms)
		DisableScriptedObjects (0ms)
		BackupInstance (0ms)
		ReleaseScriptingObjects (0ms)
		CreateAndSetChildDomain (1ms)
	RebuildCommonClasses (31ms)
	RebuildNativeTypeToScriptingClass (9ms)
	initialDomainReloadingComplete (44ms)
	LoadAllAssembliesAndSetupDomain (131ms)
		LoadAssemblies (107ms)
		RebuildTransferFunctionScriptingTraits (0ms)
		AnalyzeDomain (129ms)
			TypeCache.Refresh (128ms)
				TypeCache.ScanAssembly (116ms)
			ScanForSourceGeneratedMonoScriptInfo (0ms)
			ResolveRequiredComponents (1ms)
	FinalizeReload (541ms)
		ReleaseScriptCaches (0ms)
		RebuildScriptCaches (0ms)
		SetupLoadedEditorAssemblies (488ms)
			LogAssemblyErrors (0ms)
			InitializePlatformSupportModulesInManaged (334ms)
			SetLoadedEditorAssemblies (3ms)
			RefreshPlugins (0ms)
			BeforeProcessingInitializeOnLoad (2ms)
			ProcessInitializeOnLoadAttributes (104ms)
			ProcessInitializeOnLoadMethodAttributes (44ms)
			AfterProcessingInitializeOnLoad (0ms)
			EditorAssembliesLoaded (0ms)
		ExecutionOrderSort2 (0ms)
		AwakeInstancesAfterBackupRestoration (0ms)
========================================================================
Worker process is ready to serve import requests
Begin MonoManager ReloadAssembly
Symbol file LoadedFromMemory is not a mono symbol file
- Loaded All Assemblies, in  0.728 seconds
Refreshing native plugins compatible for Editor in 3.83 ms, found 3 plugins.
Native extension for WindowsStandalone target not found
Native extension for Android target not found
Package Manager log level set to [2]
[Package Manager] Server::EnsureServerProcessIsRunning -- launch failed, reason: Unity was launched with the -noUpm command-line argument
[Package Manager] UpmClient::Send -- Unable to send message (not connected to UPM process).
[Package Manager] Cannot connect to Unity Package Manager local server
Mono: successfully reloaded assembly
- Finished resetting the current domain, in  0.645 seconds
Domain Reload Profiling: 1373ms
	BeginReloadAssembly (136ms)
		ExecutionOrderSort (0ms)
		DisableScriptedObjects (5ms)
		BackupInstance (0ms)
		ReleaseScriptingObjects (0ms)
		CreateAndSetChildDomain (21ms)
	RebuildCommonClasses (32ms)
	RebuildNativeTypeToScriptingClass (11ms)
	initialDomainReloadingComplete (35ms)
	LoadAllAssembliesAndSetupDomain (514ms)
		LoadAssemblies (316ms)
		RebuildTransferFunctionScriptingTraits (0ms)
		AnalyzeDomain (279ms)
			TypeCache.Refresh (244ms)
				TypeCache.ScanAssembly (224ms)
			ScanForSourceGeneratedMonoScriptInfo (29ms)
			ResolveRequiredComponents (5ms)
	FinalizeReload (645ms)
		ReleaseScriptCaches (0ms)
		RebuildScriptCaches (0ms)
		SetupLoadedEditorAssemblies (482ms)
			LogAssemblyErrors (0ms)
			InitializePlatformSupportModulesInManaged (20ms)
			SetLoadedEditorAssemblies (5ms)
			RefreshPlugins (0ms)
			BeforeProcessingInitializeOnLoad (71ms)
			ProcessInitializeOnLoadAttributes (303ms)
			ProcessInitializeOnLoadMethodAttributes (80ms)
			AfterProcessingInitializeOnLoad (2ms)
			EditorAssembliesLoaded (0ms)
		ExecutionOrderSort2 (0ms)
		AwakeInstancesAfterBackupRestoration (8ms)
Launched and connected shader compiler UnityShaderCompiler.exe after 0.05 seconds
Refreshing native plugins compatible for Editor in 4.02 ms, found 3 plugins.
Preloading 0 native plugins for Editor in 0.00 ms.
Unloading 5329 Unused Serialized files (Serialized files now loaded: 0)
Unloading 76 unused Assets / (2.3 MB). Loaded Objects now: 5764.
Memory consumption went from 189.8 MB to 187.5 MB.
Total: 3.005900 ms (FindLiveObjects: 0.315800 ms CreateObjectMapping: 0.163700 ms MarkObjects: 2.201800 ms  DeleteObjects: 0.323700 ms)

AssetImportParameters requested are different than current active one (requested -> active):
  custom:container-demuxer-ogg: 62fdf1f143b41e24485cea50d1cbac27 -> 
  custom:video-codec-MediaFoundation-h265: 746d11721c4dcdbdad8f713fa42b33f4 -> 
  custom:video-decoder-ogg-theora: a1e56fd34408186e4bbccfd4996cb3dc -> 
  custom:framework-win-MediaFoundation: 216162199b28c13a410421893ffa2e32 -> 
  custom:CustomObjectIndexerAttribute: 9a22284fe3817be447336de3de66b15e -> 
  custom:container-demuxer-webm: 4f35f7cbe854078d1ac9338744f61a02 -> 
  custom:container-muxer-webm: aa71ff27fc2769a1b78a27578f13a17b -> 
  custom:video-decoder-webm-vp8: 9c59270c3fd7afecdb556c50c9e8de78 -> 
  custom:SearchIndexIgnoredProperties: e643bd26f0fe6173181afceb89e7c659 -> 
  custom:AudioImporter_EditorPlatform: d09bf68614088b80899f8185d706f6e7 -> 
  custom:video-encoder-webm-vp8: eb34c28f22e8b96e1ab97ce403110664 -> 
  custom:audio-decoder-ogg-vorbis: bf7c407c2cedff20999df2af8eb42d56 -> 
  custom:audio-encoder-webm-vorbis: bf7c407c2cedff20999df2af8eb42d56 -> 
========================================================================
Received Import Request.
  Time since last request: 39425.547211 seconds.
  path: Assets/UI/In Game/VFX/kick vfx/0082.png
  artifactKey: Guid(4ff968927bc1ff94489cab79218bce26) Importer(815301076,1909f56bfc062723c751e8b465ee728b)
Start importing Assets/UI/In Game/VFX/kick vfx/0082.png using Guid(4ff968927bc1ff94489cab79218bce26) Importer(815301076,1909f56bfc062723c751e8b465ee728b)  -> (artifact id: '7a21603288cf1ab303927e9b02225f69') in 0.074821 seconds
Number of updated asset objects reloaded before import = 0
Number of asset objects unloaded after import = 3
========================================================================
Received Import Request.
  Time since last request: 0.000046 seconds.
  path: Assets/UI/In Game/VFX/kick vfx/0068.png
  artifactKey: Guid(c435cc49ac03323448d9210961b34b43) Importer(815301076,1909f56bfc062723c751e8b465ee728b)
Start importing Assets/UI/In Game/VFX/kick vfx/0068.png using Guid(c435cc49ac03323448d9210961b34b43) Importer(815301076,1909f56bfc062723c751e8b465ee728b)  -> (artifact id: '05d5347e2017177115140b37aed69891') in 0.018066 seconds
Number of updated asset objects reloaded before import = 0
Number of asset objects unloaded after import = 3
========================================================================
Received Import Request.
  Time since last request: 0.000053 seconds.
  path: Assets/UI/In Game/VFX/kick vfx/0080.png
  artifactKey: Guid(e2445889cc53e074e8b1a59ccaf0be15) Importer(815301076,1909f56bfc062723c751e8b465ee728b)
Start importing Assets/UI/In Game/VFX/kick vfx/0080.png using Guid(e2445889cc53e074e8b1a59ccaf0be15) Importer(815301076,1909f56bfc062723c751e8b465ee728b)  -> (artifact id: 'dac5414a0453b55864f71d04a5587c8d') in 0.017525 seconds
Number of updated asset objects reloaded before import = 0
Number of asset objects unloaded after import = 3
========================================================================
Received Import Request.
  Time since last request: 0.000014 seconds.
  path: Assets/UI/In Game/VFX/kick vfx/0060.png
  artifactKey: Guid(d9de836099c73264ab339ce823eeb618) Importer(815301076,1909f56bfc062723c751e8b465ee728b)
Start importing Assets/UI/In Game/VFX/kick vfx/0060.png using Guid(d9de836099c73264ab339ce823eeb618) Importer(815301076,1909f56bfc062723c751e8b465ee728b)  -> (artifact id: '4a18a44b756522257979363b51524f89') in 0.018023 seconds
Number of updated asset objects reloaded before import = 0
Number of asset objects unloaded after import = 3
========================================================================
Received Import Request.
  Time since last request: 0.000021 seconds.
  path: Assets/UI/In Game/Border up.png
  artifactKey: Guid(204c7f60a090177458ada570b0a0dd09) Importer(815301076,1909f56bfc062723c751e8b465ee728b)
Start importing Assets/UI/In Game/Border up.png using Guid(204c7f60a090177458ada570b0a0dd09) Importer(815301076,1909f56bfc062723c751e8b465ee728b)  -> (artifact id: '2cce9086b6369a454b8b7d4fcf1dbc3a') in 0.014873 seconds
Number of updated asset objects reloaded before import = 0
Number of asset objects unloaded after import = 3
========================================================================
Received Import Request.
  Time since last request: 0.000013 seconds.
  path: Assets/UI/In Game/VFX/kick vfx/0040.png
  artifactKey: Guid(b06e29f4e1a1dad4583fe94fd582e132) Importer(815301076,1909f56bfc062723c751e8b465ee728b)
Start importing Assets/UI/In Game/VFX/kick vfx/0040.png using Guid(b06e29f4e1a1dad4583fe94fd582e132) Importer(815301076,1909f56bfc062723c751e8b465ee728b)  -> (artifact id: '3cfa72fdcac1ae1c6bf442115a60867b') in 0.017934 seconds
Number of updated asset objects reloaded before import = 0
Number of asset objects unloaded after import = 3
========================================================================
Received Import Request.
  Time since last request: 0.000016 seconds.
  path: Assets/UI/In Game/Border down.png
  artifactKey: Guid(fa3b7c316c761f1499ac66c0b0a841c9) Importer(815301076,1909f56bfc062723c751e8b465ee728b)
Start importing Assets/UI/In Game/Border down.png using Guid(fa3b7c316c761f1499ac66c0b0a841c9) Importer(815301076,1909f56bfc062723c751e8b465ee728b)  -> (artifact id: '44648d901a162bcf1e44ab4106edf439') in 0.015215 seconds
Number of updated asset objects reloaded before import = 0
Number of asset objects unloaded after import = 3
========================================================================
Received Import Request.
  Time since last request: 0.000017 seconds.
  path: Assets/UI/In Game/VFX/kick vfx/0034.png
  artifactKey: Guid(e4ac0c5e1c3420f47979fb27ec1968b1) Importer(815301076,1909f56bfc062723c751e8b465ee728b)
Start importing Assets/UI/In Game/VFX/kick vfx/0034.png using Guid(e4ac0c5e1c3420f47979fb27ec1968b1) Importer(815301076,1909f56bfc062723c751e8b465ee728b)  -> (artifact id: 'f041cb76bc4340d99f8d7506c42712ed') in 0.018201 seconds
Number of updated asset objects reloaded before import = 0
Number of asset objects unloaded after import = 3
========================================================================
Received Import Request.
  Time since last request: 0.000017 seconds.
  path: Assets/UI/In Game/VFX/kick vfx/0038.png
  artifactKey: Guid(9712c238cb4cfb947bee950cba1d17db) Importer(815301076,1909f56bfc062723c751e8b465ee728b)
Start importing Assets/UI/In Game/VFX/kick vfx/0038.png using Guid(9712c238cb4cfb947bee950cba1d17db) Importer(815301076,1909f56bfc062723c751e8b465ee728b)  -> (artifact id: '87a45b6d4cb1d03f85a2060946d4ff07') in 0.017566 seconds
Number of updated asset objects reloaded before import = 0
Number of asset objects unloaded after import = 3
========================================================================
Received Import Request.
  Time since last request: 0.000019 seconds.
  path: Assets/UI/In Game/VFX/kick vfx/0044.png
  artifactKey: Guid(57d1ccb0f664dce4194d3c9bf14b679c) Importer(815301076,1909f56bfc062723c751e8b465ee728b)
Start importing Assets/UI/In Game/VFX/kick vfx/0044.png using Guid(57d1ccb0f664dce4194d3c9bf14b679c) Importer(815301076,1909f56bfc062723c751e8b465ee728b)  -> (artifact id: '529b87a1b94ff2801e4a165a318d85ac') in 0.018264 seconds
Number of updated asset objects reloaded before import = 0
Number of asset objects unloaded after import = 3
========================================================================
Received Import Request.
  Time since last request: 0.000020 seconds.
  path: Assets/UI/In Game/VFX/kick vfx/0048.png
  artifactKey: Guid(eff4c434340bd834d8f92cda80b583c9) Importer(815301076,1909f56bfc062723c751e8b465ee728b)
Start importing Assets/UI/In Game/VFX/kick vfx/0048.png using Guid(eff4c434340bd834d8f92cda80b583c9) Importer(815301076,1909f56bfc062723c751e8b465ee728b)  -> (artifact id: '200bbdb19717d39afea7f86767ae6aa6') in 0.019095 seconds
Number of updated asset objects reloaded before import = 0
Number of asset objects unloaded after import = 3
========================================================================
Received Import Request.
  Time since last request: 0.000019 seconds.
  path: Assets/UI/In Game/VFX/kick vfx/0090.png
  artifactKey: Guid(ca92ec6851e1d0f4faedbc8f3e86b132) Importer(815301076,1909f56bfc062723c751e8b465ee728b)
Start importing Assets/UI/In Game/VFX/kick vfx/0090.png using Guid(ca92ec6851e1d0f4faedbc8f3e86b132) Importer(815301076,1909f56bfc062723c751e8b465ee728b)  -> (artifact id: '122f156bd52675d558c20b9016f75b60') in 0.017338 seconds
Number of updated asset objects reloaded before import = 0
Number of asset objects unloaded after import = 3
========================================================================
Received Import Request.
  Time since last request: 0.000020 seconds.
  path: Assets/UI/In Game/VFX/kick vfx/0050.png
  artifactKey: Guid(3c78da1d55b0a8c41a2698a985003905) Importer(815301076,1909f56bfc062723c751e8b465ee728b)
Start importing Assets/UI/In Game/VFX/kick vfx/0050.png using Guid(3c78da1d55b0a8c41a2698a985003905) Importer(815301076,1909f56bfc062723c751e8b465ee728b)  -> (artifact id: 'cbd2a5db1cfede4c25c1e02bfa0c91ca') in 0.018612 seconds
Number of updated asset objects reloaded before import = 0
Number of asset objects unloaded after import = 3
========================================================================
Received Import Request.
  Time since last request: 0.000022 seconds.
  path: Assets/UI/In Game/VFX/kick vfx/0092.png
  artifactKey: Guid(bcae4cb013b12314dac1212a0ea1b8fa) Importer(815301076,1909f56bfc062723c751e8b465ee728b)
Start importing Assets/UI/In Game/VFX/kick vfx/0092.png using Guid(bcae4cb013b12314dac1212a0ea1b8fa) Importer(815301076,1909f56bfc062723c751e8b465ee728b)  -> (artifact id: '877f5208aff9963661831f23fb8fe7da') in 0.017239 seconds
Number of updated asset objects reloaded before import = 0
Number of asset objects unloaded after import = 3
========================================================================
Received Import Request.
  Time since last request: 0.000015 seconds.
  path: Assets/UI/In Game/VFX/kick vfx/0046.png
  artifactKey: Guid(f45ce445fbe68fa4987bd0669e99fb07) Importer(815301076,1909f56bfc062723c751e8b465ee728b)
Start importing Assets/UI/In Game/VFX/kick vfx/0046.png using Guid(f45ce445fbe68fa4987bd0669e99fb07) Importer(815301076,1909f56bfc062723c751e8b465ee728b)  -> (artifact id: 'bbd34bddcf1156041a7529271969ae52') in 0.017143 seconds
Number of updated asset objects reloaded before import = 0
Number of asset objects unloaded after import = 3
========================================================================
Received Import Request.
  Time since last request: 0.000017 seconds.
  path: Assets/UI/In Game/VFX/kick vfx/0058.png
  artifactKey: Guid(2817d59d00d95ae45b84aacbfadb91ee) Importer(815301076,1909f56bfc062723c751e8b465ee728b)
Start importing Assets/UI/In Game/VFX/kick vfx/0058.png using Guid(2817d59d00d95ae45b84aacbfadb91ee) Importer(815301076,1909f56bfc062723c751e8b465ee728b)  -> (artifact id: 'd70a98703e1c5bfe485876bd049afad0') in 0.016540 seconds
Number of updated asset objects reloaded before import = 0
Number of asset objects unloaded after import = 3
========================================================================
Received Import Request.
  Time since last request: 0.000016 seconds.
  path: Assets/UI/In Game/VFX/kick vfx/0078.png
  artifactKey: Guid(a6e0ebcba8ccc6d4da2486cdc3d96c93) Importer(815301076,1909f56bfc062723c751e8b465ee728b)
Start importing Assets/UI/In Game/VFX/kick vfx/0078.png using Guid(a6e0ebcba8ccc6d4da2486cdc3d96c93) Importer(815301076,1909f56bfc062723c751e8b465ee728b)  -> (artifact id: '5a4224f8fab6917563fb8497c93764fa') in 0.022765 seconds
Number of updated asset objects reloaded before import = 0
Number of asset objects unloaded after import = 3
========================================================================
Received Import Request.
  Time since last request: 0.000017 seconds.
  path: Assets/UI/In Game/VFX/kick vfx/0054.png
  artifactKey: Guid(cb2bd2a983577e14c836537a524c3552) Importer(815301076,1909f56bfc062723c751e8b465ee728b)
Start importing Assets/UI/In Game/VFX/kick vfx/0054.png using Guid(cb2bd2a983577e14c836537a524c3552) Importer(815301076,1909f56bfc062723c751e8b465ee728b)  -> (artifact id: 'd64eafbb91ff948016f3ea2cc1a39c6e') in 0.017545 seconds
Number of updated asset objects reloaded before import = 0
Number of asset objects unloaded after import = 3
========================================================================
Received Import Request.
  Time since last request: 0.000021 seconds.
  path: Assets/UI/In Game/VFX/kick vfx/0042.png
  artifactKey: Guid(297caf6b044c65447b4aab12ce8877df) Importer(815301076,1909f56bfc062723c751e8b465ee728b)
Start importing Assets/UI/In Game/VFX/kick vfx/0042.png using Guid(297caf6b044c65447b4aab12ce8877df) Importer(815301076,1909f56bfc062723c751e8b465ee728b)  -> (artifact id: '1dbe1955b2f0e869f5c1cab01243d143') in 0.018224 seconds
Number of updated asset objects reloaded before import = 0
Number of asset objects unloaded after import = 3
========================================================================
Received Import Request.
  Time since last request: 0.013699 seconds.
  path: Assets/UI/In Game/VFX/dice vfx/0005.png
  artifactKey: Guid(bff38abb912aaa7409cedfee6e7ba694) Importer(815301076,1909f56bfc062723c751e8b465ee728b)
Start importing Assets/UI/In Game/VFX/dice vfx/0005.png using Guid(bff38abb912aaa7409cedfee6e7ba694) Importer(815301076,1909f56bfc062723c751e8b465ee728b)  -> (artifact id: 'd0ee04f31140dad8c1b364cbadf4bc82') in 0.015927 seconds
Number of updated asset objects reloaded before import = 0
Number of asset objects unloaded after import = 3
========================================================================
Received Import Request.
  Time since last request: 0.000018 seconds.
  path: Assets/UI/In Game/VFX/dice vfx/0092.png
  artifactKey: Guid(02c88adbc44571d4a920e120dd83c12e) Importer(815301076,1909f56bfc062723c751e8b465ee728b)
Start importing Assets/UI/In Game/VFX/dice vfx/0092.png using Guid(02c88adbc44571d4a920e120dd83c12e) Importer(815301076,1909f56bfc062723c751e8b465ee728b)  -> (artifact id: '267d95485c3a85249a40e44e7a9fb286') in 0.014991 seconds
Number of updated asset objects reloaded before import = 0
Number of asset objects unloaded after import = 3
========================================================================
Received Import Request.
  Time since last request: 0.000015 seconds.
  path: Assets/UI/In Game/VFX/dice vfx/0062.png
  artifactKey: Guid(b10166b25c12e1f4bb7e962a581f0d92) Importer(815301076,1909f56bfc062723c751e8b465ee728b)
Start importing Assets/UI/In Game/VFX/dice vfx/0062.png using Guid(b10166b25c12e1f4bb7e962a581f0d92) Importer(815301076,1909f56bfc062723c751e8b465ee728b)  -> (artifact id: '63369100cd9c500bef76302d6f4211e0') in 0.016921 seconds
Number of updated asset objects reloaded before import = 0
Number of asset objects unloaded after import = 3
========================================================================
Received Import Request.
  Time since last request: 0.000017 seconds.
  path: Assets/UI/In Game/VFX/dice vfx/0023.png
  artifactKey: Guid(8c6f2b3305b0fa24fba9be80dfb1d6e5) Importer(815301076,1909f56bfc062723c751e8b465ee728b)
Start importing Assets/UI/In Game/VFX/dice vfx/0023.png using Guid(8c6f2b3305b0fa24fba9be80dfb1d6e5) Importer(815301076,1909f56bfc062723c751e8b465ee728b)  -> (artifact id: '58f6b5e3ce576f4e5941783bc05cc855') in 0.017242 seconds
Number of updated asset objects reloaded before import = 0
Number of asset objects unloaded after import = 3
========================================================================
Received Import Request.
  Time since last request: 0.000015 seconds.
  path: Assets/UI/In Game/VFX/dice vfx/0131.png
  artifactKey: Guid(eccf200035279aa4d8efb32c661419a5) Importer(815301076,1909f56bfc062723c751e8b465ee728b)
Start importing Assets/UI/In Game/VFX/dice vfx/0131.png using Guid(eccf200035279aa4d8efb32c661419a5) Importer(815301076,1909f56bfc062723c751e8b465ee728b)  -> (artifact id: 'c6de33c5790855990b0f27ac843f159a') in 0.016431 seconds
Number of updated asset objects reloaded before import = 0
Number of asset objects unloaded after import = 3
========================================================================
Received Import Request.
  Time since last request: 0.000017 seconds.
  path: Assets/UI/In Game/VFX/dice vfx/0011.png
  artifactKey: Guid(6b356991a9fd56d43bd7e25fb6dc61f2) Importer(815301076,1909f56bfc062723c751e8b465ee728b)
Start importing Assets/UI/In Game/VFX/dice vfx/0011.png using Guid(6b356991a9fd56d43bd7e25fb6dc61f2) Importer(815301076,1909f56bfc062723c751e8b465ee728b)  -> (artifact id: '03f0fd2e344b7966638a349600c75dc9') in 0.018120 seconds
Number of updated asset objects reloaded before import = 0
Number of asset objects unloaded after import = 3
========================================================================
Received Import Request.
  Time since last request: 0.000024 seconds.
  path: Assets/UI/In Game/VFX/dice vfx/0077.png
  artifactKey: Guid(bf04fd11bc4c14541b8d7989ca910d98) Importer(815301076,1909f56bfc062723c751e8b465ee728b)
Start importing Assets/UI/In Game/VFX/dice vfx/0077.png using Guid(bf04fd11bc4c14541b8d7989ca910d98) Importer(815301076,1909f56bfc062723c751e8b465ee728b)  -> (artifact id: '83294905d8c1d9495db1fa81e1c8148f') in 0.018118 seconds
Number of updated asset objects reloaded before import = 0
Number of asset objects unloaded after import = 3
========================================================================
Received Import Request.
  Time since last request: 0.000014 seconds.
  path: Assets/UI/In Game/VFX/dice vfx/0110.png
  artifactKey: Guid(a23e9ed2a64fc56469ac2bb189b1ee23) Importer(815301076,1909f56bfc062723c751e8b465ee728b)
Start importing Assets/UI/In Game/VFX/dice vfx/0110.png using Guid(a23e9ed2a64fc56469ac2bb189b1ee23) Importer(815301076,1909f56bfc062723c751e8b465ee728b)  -> (artifact id: '9b5e41b56f09a480951e6175e492f9a1') in 0.017612 seconds
Number of updated asset objects reloaded before import = 0
Number of asset objects unloaded after import = 3
========================================================================
Received Import Request.
  Time since last request: 0.000013 seconds.
  path: Assets/UI/In Game/VFX/dice vfx/0134.png
  artifactKey: Guid(b6d0dbdcd6c749e4ca828c082c63f8d7) Importer(815301076,1909f56bfc062723c751e8b465ee728b)
Start importing Assets/UI/In Game/VFX/dice vfx/0134.png using Guid(b6d0dbdcd6c749e4ca828c082c63f8d7) Importer(815301076,1909f56bfc062723c751e8b465ee728b)  -> (artifact id: '1fbf7d86ac2339a348a7890c892e750e') in 0.016913 seconds
Number of updated asset objects reloaded before import = 0
Number of asset objects unloaded after import = 3
========================================================================
Received Import Request.
  Time since last request: 0.000012 seconds.
  path: Assets/UI/In Game/VFX/dice vfx/0095.png
  artifactKey: Guid(37f3fa518374c6d42b83d350cbc0f0e2) Importer(815301076,1909f56bfc062723c751e8b465ee728b)
Start importing Assets/UI/In Game/VFX/dice vfx/0095.png using Guid(37f3fa518374c6d42b83d350cbc0f0e2) Importer(815301076,1909f56bfc062723c751e8b465ee728b)  -> (artifact id: 'a7b906f6db7d80302a0909f491406aec') in 0.017548 seconds
Number of updated asset objects reloaded before import = 0
Number of asset objects unloaded after import = 3
========================================================================
Received Import Request.
  Time since last request: 0.000016 seconds.
  path: Assets/UI/In Game/VFX/dice vfx/0047.png
  artifactKey: Guid(07cfbba5fe14c7043bcdfb02447b4fd0) Importer(815301076,1909f56bfc062723c751e8b465ee728b)
Start importing Assets/UI/In Game/VFX/dice vfx/0047.png using Guid(07cfbba5fe14c7043bcdfb02447b4fd0) Importer(815301076,1909f56bfc062723c751e8b465ee728b)  -> (artifact id: '0ac32511ec234b8d3e717b5c8784ec27') in 0.015293 seconds
Number of updated asset objects reloaded before import = 0
Number of asset objects unloaded after import = 3
========================================================================
Received Import Request.
  Time since last request: 0.000016 seconds.
  path: Assets/UI/In Game/VFX/dice vfx/0056.png
  artifactKey: Guid(fb7f59f249380a14dbf92e3c8fff3c3e) Importer(815301076,1909f56bfc062723c751e8b465ee728b)
Start importing Assets/UI/In Game/VFX/dice vfx/0056.png using Guid(fb7f59f249380a14dbf92e3c8fff3c3e) Importer(815301076,1909f56bfc062723c751e8b465ee728b)  -> (artifact id: 'c9684295224694c5b8e341b3fbc0fec0') in 0.016831 seconds
Number of updated asset objects reloaded before import = 0
Number of asset objects unloaded after import = 3
========================================================================
Received Import Request.
  Time since last request: 0.000015 seconds.
  path: Assets/UI/In Game/VFX/dice vfx/0032.png
  artifactKey: Guid(5a8f9dee9bf4de34cb7dc48a23ca45a1) Importer(815301076,1909f56bfc062723c751e8b465ee728b)
Start importing Assets/UI/In Game/VFX/dice vfx/0032.png using Guid(5a8f9dee9bf4de34cb7dc48a23ca45a1) Importer(815301076,1909f56bfc062723c751e8b465ee728b)  -> (artifact id: '70bc99aa34814c0bfcd685f099c4774c') in 0.015916 seconds
Number of updated asset objects reloaded before import = 0
Number of asset objects unloaded after import = 3
========================================================================
Received Import Request.
  Time since last request: 0.000014 seconds.
  path: Assets/UI/In Game/VFX/dice vfx/0014.png
  artifactKey: Guid(afba199c329d3774e9d3b03ec16b07c8) Importer(815301076,1909f56bfc062723c751e8b465ee728b)
Start importing Assets/UI/In Game/VFX/dice vfx/0014.png using Guid(afba199c329d3774e9d3b03ec16b07c8) Importer(815301076,1909f56bfc062723c751e8b465ee728b)  -> (artifact id: 'e9573b45219a4baf6c6eb409f0b96356') in 0.016411 seconds
Number of updated asset objects reloaded before import = 0
Number of asset objects unloaded after import = 3
========================================================================
Received Import Request.
  Time since last request: 0.000013 seconds.
  path: Assets/UI/In Game/VFX/dice vfx/0059.png
  artifactKey: Guid(bbcc4c25a4ad8e248b52fbf34813bf65) Importer(815301076,1909f56bfc062723c751e8b465ee728b)
Start importing Assets/UI/In Game/VFX/dice vfx/0059.png using Guid(bbcc4c25a4ad8e248b52fbf34813bf65) Importer(815301076,1909f56bfc062723c751e8b465ee728b)  -> (artifact id: 'a416ac6bba4c1cd385e874e79338a30e') in 0.017449 seconds
Number of updated asset objects reloaded before import = 0
Number of asset objects unloaded after import = 3
========================================================================
Received Import Request.
  Time since last request: 0.000018 seconds.
  path: Assets/UI/In Game/VFX/dice vfx/0137.png
  artifactKey: Guid(f1be43a7b4c9d0744844efc0de29daf2) Importer(815301076,1909f56bfc062723c751e8b465ee728b)
Start importing Assets/UI/In Game/VFX/dice vfx/0137.png using Guid(f1be43a7b4c9d0744844efc0de29daf2) Importer(815301076,1909f56bfc062723c751e8b465ee728b)  -> (artifact id: '1167aea85f2e53ef3634be88a855a7f4') in 0.017323 seconds
Number of updated asset objects reloaded before import = 0
Number of asset objects unloaded after import = 3
========================================================================
Received Import Request.
  Time since last request: 0.000021 seconds.
  path: Assets/UI/In Game/VFX/dice vfx/0080.png
  artifactKey: Guid(831553b114b107a459c93e136166ad1d) Importer(815301076,1909f56bfc062723c751e8b465ee728b)
Start importing Assets/UI/In Game/VFX/dice vfx/0080.png using Guid(831553b114b107a459c93e136166ad1d) Importer(815301076,1909f56bfc062723c751e8b465ee728b)  -> (artifact id: '91efd7de4fb165254c0a217cee6e1f08') in 0.017134 seconds
Number of updated asset objects reloaded before import = 0
Number of asset objects unloaded after import = 3
========================================================================
Received Import Request.
  Time since last request: 0.000018 seconds.
  path: Assets/UI/In Game/VFX/dice vfx/0101.png
  artifactKey: Guid(9dbb7cc67d10cc645bd38bb127f6a43b) Importer(815301076,1909f56bfc062723c751e8b465ee728b)
Start importing Assets/UI/In Game/VFX/dice vfx/0101.png using Guid(9dbb7cc67d10cc645bd38bb127f6a43b) Importer(815301076,1909f56bfc062723c751e8b465ee728b)  -> (artifact id: '3cd9e483afb4e173f5630e9016968c26') in 0.018087 seconds
Number of updated asset objects reloaded before import = 0
Number of asset objects unloaded after import = 3
========================================================================
Received Import Request.
  Time since last request: 0.000020 seconds.
  path: Assets/UI/In Game/VFX/dice vfx/0068.png
  artifactKey: Guid(47a7cd984b2d98d448995cf97a0dd799) Importer(815301076,1909f56bfc062723c751e8b465ee728b)
Start importing Assets/UI/In Game/VFX/dice vfx/0068.png using Guid(47a7cd984b2d98d448995cf97a0dd799) Importer(815301076,1909f56bfc062723c751e8b465ee728b)  -> (artifact id: '38c7b1204e27ffd4af067baa736b9633') in 0.019708 seconds
Number of updated asset objects reloaded before import = 0
Number of asset objects unloaded after import = 3
========================================================================
Received Import Request.
  Time since last request: 0.000015 seconds.
  path: Assets/UI/In Game/VFX/dice vfx/0026.png
  artifactKey: Guid(093246851f0708d41873abd01d542ef1) Importer(815301076,1909f56bfc062723c751e8b465ee728b)
Start importing Assets/UI/In Game/VFX/dice vfx/0026.png using Guid(093246851f0708d41873abd01d542ef1) Importer(815301076,1909f56bfc062723c751e8b465ee728b)  -> (artifact id: '4d390cc2e4830805266a795addac5e6b') in 0.017664 seconds
Number of updated asset objects reloaded before import = 0
Number of asset objects unloaded after import = 3
========================================================================
Received Import Request.
  Time since last request: 0.000017 seconds.
  path: Assets/UI/In Game/VFX/dice vfx/0128.png
  artifactKey: Guid(c6f95ba5741c871449d1609c2a8e288d) Importer(815301076,1909f56bfc062723c751e8b465ee728b)
Start importing Assets/UI/In Game/VFX/dice vfx/0128.png using Guid(c6f95ba5741c871449d1609c2a8e288d) Importer(815301076,1909f56bfc062723c751e8b465ee728b)  -> (artifact id: 'f385b3c79235d7ebcaf56180e3cc727f') in 0.017094 seconds
Number of updated asset objects reloaded before import = 0
Number of asset objects unloaded after import = 3
========================================================================
Received Import Request.
  Time since last request: 0.000016 seconds.
  path: Assets/UI/In Game/VFX/dice vfx/0107.png
  artifactKey: Guid(4712e145fca576f40b2507bfe0a67931) Importer(815301076,1909f56bfc062723c751e8b465ee728b)
Start importing Assets/UI/In Game/VFX/dice vfx/0107.png using Guid(4712e145fca576f40b2507bfe0a67931) Importer(815301076,1909f56bfc062723c751e8b465ee728b)  -> (artifact id: '17058de1112ec45b63427f57286f29d3') in 0.017432 seconds
Number of updated asset objects reloaded before import = 0
Number of asset objects unloaded after import = 3
========================================================================
Received Import Request.
  Time since last request: 0.000017 seconds.
  path: Assets/UI/In Game/VFX/dice vfx/0083.png
  artifactKey: Guid(f0928b693cf5b3d4ba789405c7004e8d) Importer(815301076,1909f56bfc062723c751e8b465ee728b)
Start importing Assets/UI/In Game/VFX/dice vfx/0083.png using Guid(f0928b693cf5b3d4ba789405c7004e8d) Importer(815301076,1909f56bfc062723c751e8b465ee728b)  -> (artifact id: 'ee545d9b91bd789e411b3672cc966933') in 0.017092 seconds
Number of updated asset objects reloaded before import = 0
Number of asset objects unloaded after import = 3
========================================================================
Received Import Request.
  Time since last request: 1.367036 seconds.
  path: Assets/UI/In Game/Dice/dice1.png
  artifactKey: Guid(ccde36a5ee9412a4ea509ed6727d8823) Importer(815301076,1909f56bfc062723c751e8b465ee728b)
Start importing Assets/UI/In Game/Dice/dice1.png using Guid(ccde36a5ee9412a4ea509ed6727d8823) Importer(815301076,1909f56bfc062723c751e8b465ee728b)  -> (artifact id: '87c8dea91baec218013a5ef530cbb72b') in 0.016596 seconds
Number of updated asset objects reloaded before import = 0
Number of asset objects unloaded after import = 3
========================================================================
Received Import Request.
  Time since last request: 0.000035 seconds.
  path: Assets/UI/In Game/Dice/dice5.png
  artifactKey: Guid(7094d1f24bd479147ab7c6944c471ab4) Importer(815301076,1909f56bfc062723c751e8b465ee728b)
Start importing Assets/UI/In Game/Dice/dice5.png using Guid(7094d1f24bd479147ab7c6944c471ab4) Importer(815301076,1909f56bfc062723c751e8b465ee728b)  -> (artifact id: '5e41840978569e03d2ef75b70fe22dea') in 0.018982 seconds
Number of updated asset objects reloaded before import = 0
Number of asset objects unloaded after import = 3
========================================================================
Received Import Request.
  Time since last request: 0.000051 seconds.
  path: Assets/UI/In Game/Dice/dice6.png
  artifactKey: Guid(8c811a623704c6045a188adb0cc980c9) Importer(815301076,1909f56bfc062723c751e8b465ee728b)
Start importing Assets/UI/In Game/Dice/dice6.png using Guid(8c811a623704c6045a188adb0cc980c9) Importer(815301076,1909f56bfc062723c751e8b465ee728b)  -> (artifact id: 'de677ec7fbdc5042f63cb4e0546285cc') in 0.016155 seconds
Number of updated asset objects reloaded before import = 0
Number of asset objects unloaded after import = 3
========================================================================
Received Import Request.
  Time since last request: 4.283003 seconds.
  path: Assets/UI/2D/Game/Button.png
  artifactKey: Guid(c6438da1c1a6ae34b86ad5a19cb22d19) Importer(815301076,1909f56bfc062723c751e8b465ee728b)
Start importing Assets/UI/2D/Game/Button.png using Guid(c6438da1c1a6ae34b86ad5a19cb22d19) Importer(815301076,1909f56bfc062723c751e8b465ee728b)  -> (artifact id: '457e5f4baa8d419da7f39351731594f2') in 0.040115 seconds
Number of updated asset objects reloaded before import = 0
Number of asset objects unloaded after import = 3
========================================================================
Received Import Request.
  Time since last request: 0.000016 seconds.
  path: Assets/UI/2D/Game/Button4.png
  artifactKey: Guid(bbc6d1d6e01744347811e3f5bc9c69e2) Importer(815301076,1909f56bfc062723c751e8b465ee728b)
Start importing Assets/UI/2D/Game/Button4.png using Guid(bbc6d1d6e01744347811e3f5bc9c69e2) Importer(815301076,1909f56bfc062723c751e8b465ee728b)  -> (artifact id: 'a090372691d73dd58fb6067ec99ad71b') in 0.018343 seconds
Number of updated asset objects reloaded before import = 0
Number of asset objects unloaded after import = 3
========================================================================
Received Import Request.
  Time since last request: 0.000021 seconds.
  path: Assets/UI/2D/Game/Button2.png
  artifactKey: Guid(fe2f806c89cfc45478dcf0cba6f087ed) Importer(815301076,1909f56bfc062723c751e8b465ee728b)
Start importing Assets/UI/2D/Game/Button2.png using Guid(fe2f806c89cfc45478dcf0cba6f087ed) Importer(815301076,1909f56bfc062723c751e8b465ee728b)  -> (artifact id: '1b40f5390b68ce2f23f11f4f7df47b8e') in 0.012185 seconds
Number of updated asset objects reloaded before import = 0
Number of asset objects unloaded after import = 3
========================================================================
Received Import Request.
  Time since last request: 0.000016 seconds.
  path: Assets/UI/2D/Game/Ellipse 41.png
  artifactKey: Guid(1957d7505bc40ab47bb73a2f8aaff5ff) Importer(815301076,1909f56bfc062723c751e8b465ee728b)
Start importing Assets/UI/2D/Game/Ellipse 41.png using Guid(1957d7505bc40ab47bb73a2f8aaff5ff) Importer(815301076,1909f56bfc062723c751e8b465ee728b)  -> (artifact id: '7dedfd1b6d7c2ed562143d8bf9bbe31e') in 0.014141 seconds
Number of updated asset objects reloaded before import = 0
Number of asset objects unloaded after import = 3
========================================================================
Received Import Request.
  Time since last request: 2.604400 seconds.
  path: Assets/UI/2D/menu/Frame 23420.png
  artifactKey: Guid(ff0ca08396e579742aa8fbbea2af62ad) Importer(815301076,1909f56bfc062723c751e8b465ee728b)
Start importing Assets/UI/2D/menu/Frame 23420.png using Guid(ff0ca08396e579742aa8fbbea2af62ad) Importer(815301076,1909f56bfc062723c751e8b465ee728b)  -> (artifact id: '4c22a2a9d08a7083b3e44f0c2a0ed5ec') in 0.034221 seconds
Number of updated asset objects reloaded before import = 0
Number of asset objects unloaded after import = 3
========================================================================
Received Import Request.
  Time since last request: 0.000017 seconds.
  path: Assets/UI/2D/menu/Rectangle 1213.png
  artifactKey: Guid(fd0efa34779ad384885aa170fa70342a) Importer(815301076,1909f56bfc062723c751e8b465ee728b)
Start importing Assets/UI/2D/menu/Rectangle 1213.png using Guid(fd0efa34779ad384885aa170fa70342a) Importer(815301076,1909f56bfc062723c751e8b465ee728b)  -> (artifact id: 'ccca6c9cb38f5ac1a512aca9cf8de0e2') in 0.015281 seconds
Number of updated asset objects reloaded before import = 0
Number of asset objects unloaded after import = 3
========================================================================
Received Import Request.
  Time since last request: 0.000015 seconds.
  path: Assets/UI/2D/menu/Game3.png
  artifactKey: Guid(234c2b828c62edb4cb2b7f478bc6b818) Importer(815301076,1909f56bfc062723c751e8b465ee728b)
Start importing Assets/UI/2D/menu/Game3.png using Guid(234c2b828c62edb4cb2b7f478bc6b818) Importer(815301076,1909f56bfc062723c751e8b465ee728b)  -> (artifact id: '0cd2e134a44f0a2c643eeb33a2584e8a') in 0.021230 seconds
Number of updated asset objects reloaded before import = 0
Number of asset objects unloaded after import = 3
========================================================================
Received Import Request.
  Time since last request: 0.000017 seconds.
  path: Assets/UI/2D/menu/Game2.png
  artifactKey: Guid(99a30fe8bfe563f45a6bd826568a06a7) Importer(815301076,1909f56bfc062723c751e8b465ee728b)
Start importing Assets/UI/2D/menu/Game2.png using Guid(99a30fe8bfe563f45a6bd826568a06a7) Importer(815301076,1909f56bfc062723c751e8b465ee728b)  -> (artifact id: '3efa7c81aff7d6d37e2d8d65d36a6f1f') in 0.016737 seconds
Number of updated asset objects reloaded before import = 0
Number of asset objects unloaded after import = 3
========================================================================
Received Prepare
Begin MonoManager ReloadAssembly
Symbol file LoadedFromMemory is not a mono symbol file
- Loaded All Assemblies, in  0.457 seconds
Refreshing native plugins compatible for Editor in 4.08 ms, found 3 plugins.
Native extension for WindowsStandalone target not found
Native extension for Android target not found
[Package Manager] Server::EnsureServerProcessIsRunning -- launch failed, reason: Unity was launched with the -noUpm command-line argument
[Package Manager] UpmClient::Send -- Unable to send message (not connected to UPM process).
[Package Manager] Cannot connect to Unity Package Manager local server
Mono: successfully reloaded assembly
- Finished resetting the current domain, in  0.920 seconds
Domain Reload Profiling: 1377ms
	BeginReloadAssembly (143ms)
		ExecutionOrderSort (0ms)
		DisableScriptedObjects (3ms)
		BackupInstance (0ms)
		ReleaseScriptingObjects (0ms)
		CreateAndSetChildDomain (39ms)
	RebuildCommonClasses (31ms)
	RebuildNativeTypeToScriptingClass (12ms)
	initialDomainReloadingComplete (25ms)
	LoadAllAssembliesAndSetupDomain (246ms)
		LoadAssemblies (285ms)
		RebuildTransferFunctionScriptingTraits (0ms)
		AnalyzeDomain (36ms)
			TypeCache.Refresh (14ms)
				TypeCache.ScanAssembly (2ms)
			ScanForSourceGeneratedMonoScriptInfo (14ms)
			ResolveRequiredComponents (7ms)
	FinalizeReload (920ms)
		ReleaseScriptCaches (0ms)
		RebuildScriptCaches (0ms)
		SetupLoadedEditorAssemblies (433ms)
			LogAssemblyErrors (0ms)
			InitializePlatformSupportModulesInManaged (19ms)
			SetLoadedEditorAssemblies (4ms)
			RefreshPlugins (0ms)
			BeforeProcessingInitializeOnLoad (69ms)
			ProcessInitializeOnLoadAttributes (263ms)
			ProcessInitializeOnLoadMethodAttributes (76ms)
			AfterProcessingInitializeOnLoad (1ms)
			EditorAssembliesLoaded (0ms)
		ExecutionOrderSort2 (0ms)
		AwakeInstancesAfterBackupRestoration (5ms)
Refreshing native plugins compatible for Editor in 4.00 ms, found 3 plugins.
Preloading 0 native plugins for Editor in 0.00 ms.
Unloading 5282 Unused Serialized files (Serialized files now loaded: 0)
Unloading 64 unused Assets / (2.3 MB). Loaded Objects now: 5781.
Memory consumption went from 181.4 MB to 179.1 MB.
Total: 2.880500 ms (FindLiveObjects: 0.247900 ms CreateObjectMapping: 0.163600 ms MarkObjects: 2.182100 ms  DeleteObjects: 0.285900 ms)

Prepare: number of updated asset objects reloaded= 0
AssetImportParameters requested are different than current active one (requested -> active):
  custom:container-demuxer-ogg: 62fdf1f143b41e24485cea50d1cbac27 -> 
  custom:video-codec-MediaFoundation-h265: 746d11721c4dcdbdad8f713fa42b33f4 -> 
  custom:video-decoder-ogg-theora: a1e56fd34408186e4bbccfd4996cb3dc -> 
  custom:framework-win-MediaFoundation: 216162199b28c13a410421893ffa2e32 -> 
  custom:CustomObjectIndexerAttribute: 9a22284fe3817be447336de3de66b15e -> 
  custom:container-demuxer-webm: 4f35f7cbe854078d1ac9338744f61a02 -> 
  custom:container-muxer-webm: aa71ff27fc2769a1b78a27578f13a17b -> 
  custom:video-decoder-webm-vp8: 9c59270c3fd7afecdb556c50c9e8de78 -> 
  custom:SearchIndexIgnoredProperties: e643bd26f0fe6173181afceb89e7c659 -> 
  custom:AudioImporter_EditorPlatform: d09bf68614088b80899f8185d706f6e7 -> 
  custom:video-encoder-webm-vp8: eb34c28f22e8b96e1ab97ce403110664 -> 
  custom:audio-decoder-ogg-vorbis: bf7c407c2cedff20999df2af8eb42d56 -> 
  custom:audio-encoder-webm-vorbis: bf7c407c2cedff20999df2af8eb42d56 -> 
Editor requested this worker to shutdown with reason: Scaling down because of idle timeout
TcpMessagingSession - receive error: operation aborted. errorcode: 995, details: The I/O operation has been aborted because of either a thread exit or an application request.
AssetImportWorker is now disconnected from the server
Process exiting
Exiting without the bug reporter. Application will terminate with return code 0
=======
Mono path[0] = 'D:/Software/Unity/Unity 2022.1.24f1/Editor/Data/Managed'
Mono path[1] = 'D:/Software/Unity/Unity 2022.1.24f1/Editor/Data/MonoBleedingEdge/lib/mono/unityjit-win32'
Mono config path = 'D:/Software/Unity/Unity 2022.1.24f1/Editor/Data/MonoBleedingEdge/etc'
Using monoOptions --debugger-agent=transport=dt_socket,embedding=1,server=y,suspend=n,address=127.0.0.1:56892
Begin MonoManager ReloadAssembly
Registering precompiled unity dll's ...
Register platform support module: D:/Software/Unity/Unity 2022.1.24f1/Editor/Data/PlaybackEngines/AndroidPlayer/UnityEditor.Android.Extensions.dll
Register platform support module: D:/Software/Unity/Unity 2022.1.24f1/Editor/Data/PlaybackEngines/WindowsStandaloneSupport/UnityEditor.WindowsStandalone.Extensions.dll
Registered in 0.338890 seconds.
Native extension for WindowsStandalone target not found
Native extension for Android target not found
Refreshing native plugins compatible for Editor in 97.41 ms, found 3 plugins.
Preloading 0 native plugins for Editor in 0.00 ms.
Mono: successfully reloaded assembly
- Completed reload, in  6.679 seconds
Domain Reload Profiling:
	ReloadAssembly (6680ms)
		BeginReloadAssembly (4679ms)
			ExecutionOrderSort (0ms)
			DisableScriptedObjects (0ms)
			BackupInstance (0ms)
			ReleaseScriptingObjects (0ms)
			CreateAndSetChildDomain (1ms)
		EndReloadAssembly (1224ms)
			LoadAssemblies (4679ms)
			RebuildTransferFunctionScriptingTraits (0ms)
			SetupTypeCache (863ms)
				TypeCache.Initialize (863ms)
					TypeCache.ScanAssembly (862ms)
				ResolveRequiredComponents (1ms)
			ReleaseScriptCaches (0ms)
			RebuildScriptCaches (22ms)
			SetupLoadedEditorAssemblies (293ms)
				LogAssemblyErrors (0ms)
				InitializePlatformSupportModulesInManaged (36ms)
				SetLoadedEditorAssemblies (7ms)
				RefreshPlugins (97ms)
				BeforeProcessingInitializeOnLoad (1ms)
				ProcessInitializeOnLoadAttributes (107ms)
				ProcessInitializeOnLoadMethodAttributes (45ms)
				AfterProcessingInitializeOnLoad (0ms)
				EditorAssembliesLoaded (0ms)
			ExecutionOrderSort2 (0ms)
			AwakeInstancesAfterBackupRestoration (0ms)
Platform modules already initialized, skipping
Registering precompiled user dll's ...
Registered in 0.004429 seconds.
>>>>>>> parent of 375d7ce (part 2 changes)
