Using pre-set license
Built from '2022.1/staging' branch; Version is '2022.1.24f1 (709dddfb713f) revision 7380445'; Using compiler version '192829333'; Build Type 'Release'
OS: 'Windows 11  (10.0.22631) 64bit Enterprise' Language: 'en' Physical Memory: 32509 MB
BatchMode: 1, IsHumanControllingUs: 0, StartBugReporterOnCrash: 0, Is64bit: 1, IsPro: 1

COMMAND LINE ARGUMENTS:
D:\Software\Unity\Unity 2022.1.24f1\Editor\Unity.exe
-adb2
-batchMode
-noUpm
-name
AssetImportWorker0
-projectPath
D:/Backgammon/main project/Backgammon 2D part 1
-logFile
Logs/AssetImportWorker0.log
-srvPort
12170
Successfully changed project path to: D:/Backgammon/main project/Backgammon 2D part 1
D:/Backgammon/main project/Backgammon 2D part 1
[UnityMemory] Configuration Parameters - Can be set up in boot.config
    "memorysetup-bucket-allocator-granularity=16"
    "memorysetup-bucket-allocator-bucket-count=8"
    "memorysetup-bucket-allocator-block-size=33554432"
    "memorysetup-bucket-allocator-block-count=8"
    "memorysetup-main-allocator-block-size=16777216"
    "memorysetup-thread-allocator-block-size=16777216"
    "memorysetup-gfx-main-allocator-block-size=16777216"
    "memorysetup-gfx-thread-allocator-block-size=16777216"
    "memorysetup-cache-allocator-block-size=4194304"
    "memorysetup-typetree-allocator-block-size=2097152"
    "memorysetup-profiler-bucket-allocator-granularity=16"
    "memorysetup-profiler-bucket-allocator-bucket-count=8"
    "memorysetup-profiler-bucket-allocator-block-size=33554432"
    "memorysetup-profiler-bucket-allocator-block-count=8"
    "memorysetup-profiler-allocator-block-size=16777216"
    "memorysetup-profiler-editor-allocator-block-size=1048576"
    "memorysetup-temp-allocator-size-main=16777216"
    "memorysetup-job-temp-allocator-block-size=2097152"
    "memorysetup-job-temp-allocator-block-size-background=1048576"
    "memorysetup-job-temp-allocator-reduction-small-platforms=262144"
    "memorysetup-temp-allocator-size-background-worker=32768"
    "memorysetup-temp-allocator-size-job-worker=262144"
    "memorysetup-temp-allocator-size-preload-manager=33554432"
    "memorysetup-temp-allocator-size-nav-mesh-worker=65536"
    "memorysetup-temp-allocator-size-audio-worker=65536"
    "memorysetup-temp-allocator-size-cloud-worker=32768"
    "memorysetup-temp-allocator-size-gi-baking-worker=262144"
    "memorysetup-temp-allocator-size-gfx=262144"
Refreshing native plugins compatible for Editor in 91.71 ms, found 3 plugins.
Preloading 0 native plugins for Editor in 0.00 ms.
Initialize engine version: 2022.1.24f1 (709dddfb713f)
[Subsystems] Discovering subsystems at path D:/Software/Unity/Unity 2022.1.24f1/Editor/Data/Resources/UnitySubsystems
[Subsystems] Discovering subsystems at path D:/Backgammon/main project/Backgammon 2D part 1/Assets
GfxDevice: creating device client; threaded=0; jobified=0
Direct3D:
    Version:  Direct3D 11.0 [level 11.1]
    Renderer: NVIDIA GeForce RTX 3080 (ID=0x220a)
    Vendor:   NVIDIA
    VRAM:     12093 MB
    Driver:   31.0.15.5176
Initialize mono
Mono path[0] = 'D:/Software/Unity/Unity 2022.1.24f1/Editor/Data/Managed'
Mono path[1] = 'D:/Software/Unity/Unity 2022.1.24f1/Editor/Data/MonoBleedingEdge/lib/mono/unityjit-win32'
Mono config path = 'D:/Software/Unity/Unity 2022.1.24f1/Editor/Data/MonoBleedingEdge/etc'
Using monoOptions --debugger-agent=transport=dt_socket,embedding=1,server=y,suspend=n,address=127.0.0.1:56928
Begin MonoManager ReloadAssembly
Registering precompiled unity dll's ...
Register platform support module: D:/Software/Unity/Unity 2022.1.24f1/Editor/Data/PlaybackEngines/AndroidPlayer/UnityEditor.Android.Extensions.dll
Register platform support module: D:/Software/Unity/Unity 2022.1.24f1/Editor/Data/PlaybackEngines/WindowsStandaloneSupport/UnityEditor.WindowsStandalone.Extensions.dll
Registered in 0.002085 seconds.
Native extension for WindowsStandalone target not found
Native extension for Android target not found
Refreshing native plugins compatible for Editor in 83.35 ms, found 3 plugins.
Preloading 0 native plugins for Editor in 0.00 ms.
Mono: successfully reloaded assembly
- Completed reload, in  0.585 seconds
Domain Reload Profiling:
	ReloadAssembly (586ms)
		BeginReloadAssembly (58ms)
			ExecutionOrderSort (0ms)
			DisableScriptedObjects (0ms)
			BackupInstance (0ms)
			ReleaseScriptingObjects (0ms)
			CreateAndSetChildDomain (1ms)
		EndReloadAssembly (440ms)
			LoadAssemblies (58ms)
			RebuildTransferFunctionScriptingTraits (0ms)
			SetupTypeCache (106ms)
				TypeCache.Initialize (106ms)
					TypeCache.ScanAssembly (105ms)
				ResolveRequiredComponents (0ms)
			ReleaseScriptCaches (0ms)
			RebuildScriptCaches (29ms)
			SetupLoadedEditorAssemblies (255ms)
				LogAssemblyErrors (0ms)
				InitializePlatformSupportModulesInManaged (39ms)
				SetLoadedEditorAssemblies (6ms)
				RefreshPlugins (83ms)
				BeforeProcessingInitializeOnLoad (1ms)
				ProcessInitializeOnLoadAttributes (90ms)
				ProcessInitializeOnLoadMethodAttributes (36ms)
				AfterProcessingInitializeOnLoad (0ms)
				EditorAssembliesLoaded (0ms)
			ExecutionOrderSort2 (0ms)
			AwakeInstancesAfterBackupRestoration (0ms)
Platform modules already initialized, skipping
Registering precompiled user dll's ...
Registered in 0.004140 seconds.
Begin MonoManager ReloadAssembly
Symbol file LoadedFromMemory is not a mono symbol file
Native extension for WindowsStandalone target not found
Native extension for Android target not found
Refreshing native plugins compatible for Editor in 86.34 ms, found 3 plugins.
Preloading 0 native plugins for Editor in 0.00 ms.
Mono: successfully reloaded assembly
- Completed reload, in  1.179 seconds
Domain Reload Profiling:
	ReloadAssembly (1180ms)
		BeginReloadAssembly (93ms)
			ExecutionOrderSort (0ms)
			DisableScriptedObjects (5ms)
			BackupInstance (0ms)
			ReleaseScriptingObjects (0ms)
			CreateAndSetChildDomain (18ms)
		EndReloadAssembly (995ms)
			LoadAssemblies (71ms)
			RebuildTransferFunctionScriptingTraits (0ms)
			SetupTypeCache (290ms)
				TypeCache.Initialize (284ms)
					TypeCache.ScanAssembly (280ms)
				ResolveRequiredComponents (6ms)
			ReleaseScriptCaches (0ms)
			RebuildScriptCaches (53ms)
			SetupLoadedEditorAssemblies (534ms)
				LogAssemblyErrors (0ms)
				InitializePlatformSupportModulesInManaged (9ms)
				SetLoadedEditorAssemblies (5ms)
				RefreshPlugins (86ms)
				BeforeProcessingInitializeOnLoad (86ms)
				ProcessInitializeOnLoadAttributes (281ms)
				ProcessInitializeOnLoadMethodAttributes (64ms)
				AfterProcessingInitializeOnLoad (2ms)
				EditorAssembliesLoaded (0ms)
			ExecutionOrderSort2 (0ms)
			AwakeInstancesAfterBackupRestoration (4ms)
Platform modules already initialized, skipping
========================================================================
Worker process is ready to serve import requests
Launched and connected shader compiler UnityShaderCompiler.exe after 0.02 seconds
Refreshing native plugins compatible for Editor in 0.67 ms, found 3 plugins.
Preloading 0 native plugins for Editor in 0.00 ms.
Unloading 5192 Unused Serialized files (Serialized files now loaded: 0)
Unloading 54 unused Assets / (2.3 MB). Loaded Objects now: 5645.
Memory consumption went from 0.79 GB to 0.79 GB.
Total: 2.821400 ms (FindLiveObjects: 0.264900 ms CreateObjectMapping: 0.148500 ms MarkObjects: 2.134100 ms  DeleteObjects: 0.273100 ms)

AssetImportParameters requested are different than current active one (requested -> active):
  custom:video-decoder-ogg-theora: a1e56fd34408186e4bbccfd4996cb3dc -> 
  custom:container-muxer-webm: aa71ff27fc2769a1b78a27578f13a17b -> 
  custom:container-demuxer-webm: 4f35f7cbe854078d1ac9338744f61a02 -> 
  custom:video-encoder-webm-vp8: eb34c28f22e8b96e1ab97ce403110664 -> 
  custom:video-codec-MediaFoundation-h265: 746d11721c4dcdbdad8f713fa42b33f4 -> 
  custom:audio-encoder-webm-vorbis: bf7c407c2cedff20999df2af8eb42d56 -> 
  custom:framework-win-MediaFoundation: 216162199b28c13a410421893ffa2e32 -> 
  custom:container-demuxer-ogg: 62fdf1f143b41e24485cea50d1cbac27 -> 
  custom:video-decoder-webm-vp8: 9c59270c3fd7afecdb556c50c9e8de78 -> 
  custom:audio-decoder-ogg-vorbis: bf7c407c2cedff20999df2af8eb42d56 -> 
========================================================================
Received Import Request.
  Time since last request: 3184.436132 seconds.
  path: Assets/Scenes/Game.unity
  artifactKey: Guid(9fc0d4010bbf28b4594072e72b8655ab) Importer(815301076,1909f56bfc062723c751e8b465ee728b)
Start importing Assets/Scenes/Game.unity using Guid(9fc0d4010bbf28b4594072e72b8655ab) Importer(815301076,1909f56bfc062723c751e8b465ee728b)  -> (artifact id: 'f0d10708fb545567ac14ef37f0dfcbaf') in 0.007331 seconds 
========================================================================
Received Import Request.
  Time since last request: 2.586736 seconds.
  path: Assets/Scenes/Game
  artifactKey: Guid(472a358ebb019754f8e25dd3671ac780) Importer(815301076,1909f56bfc062723c751e8b465ee728b)
Start importing Assets/Scenes/Game using Guid(472a358ebb019754f8e25dd3671ac780) Importer(815301076,1909f56bfc062723c751e8b465ee728b)  -> (artifact id: 'ea3ca4a503e5696441f51321cfd7e24c') in 0.006754 seconds 
========================================================================
Received Import Request.
  Time since last request: 5.046461 seconds.
  path: Assets/Scenes/2D/menu.unity
  artifactKey: Guid(2cda990e2423bbf4892e6590ba056729) Importer(815301076,1909f56bfc062723c751e8b465ee728b)
Start importing Assets/Scenes/2D/menu.unity using Guid(2cda990e2423bbf4892e6590ba056729) Importer(815301076,1909f56bfc062723c751e8b465ee728b)  -> (artifact id: 'a3e0bf6394c2d6315ce2368f566c3699') in 0.006838 seconds 
========================================================================
Received Import Request.
  Time since last request: 11.603032 seconds.
  path: Assets/Script/2D/menu/OptionsController.cs
  artifactKey: Guid(02656b38870233e468ba1610b30b2a0f) Importer(815301076,1909f56bfc062723c751e8b465ee728b)
Start importing Assets/Script/2D/menu/OptionsController.cs using Guid(02656b38870233e468ba1610b30b2a0f) Importer(815301076,1909f56bfc062723c751e8b465ee728b)  -> (artifact id: 'c58a9868297848fd3670872669295215') in 0.362889 seconds 
========================================================================
Received Import Request.
  Time since last request: 1.040779 seconds.
  path: Assets/Script/2D/menu/login/SetupScripts
  artifactKey: Guid(cfecc36414a7ab142a193c2aee215eca) Importer(815301076,1909f56bfc062723c751e8b465ee728b)
Start importing Assets/Script/2D/menu/login/SetupScripts using Guid(cfecc36414a7ab142a193c2aee215eca) Importer(815301076,1909f56bfc062723c751e8b465ee728b)  -> (artifact id: '4debba18b6d663040d6291aa0bc442c5') in 0.006717 seconds 
========================================================================
Received Import Request.
  Time since last request: 3.273189 seconds.
  path: Assets/Script/2D/menu/PopupController.cs
  artifactKey: Guid(bb9f6b9e19e69eb47b7cc95d178e7f69) Importer(815301076,1909f56bfc062723c751e8b465ee728b)
Start importing Assets/Script/2D/menu/PopupController.cs using Guid(bb9f6b9e19e69eb47b7cc95d178e7f69) Importer(815301076,1909f56bfc062723c751e8b465ee728b)  -> (artifact id: '83ffcd2d2f4455c27f71a87d8abd995f') in 0.006788 seconds 
========================================================================
Received Import Request.
  Time since last request: 0.203944 seconds.
  path: Assets/Script/2D/menu/ProfileController.cs
  artifactKey: Guid(5736612ad4bcd8b44861491826857c49) Importer(815301076,1909f56bfc062723c751e8b465ee728b)
Start importing Assets/Script/2D/menu/ProfileController.cs using Guid(5736612ad4bcd8b44861491826857c49) Importer(815301076,1909f56bfc062723c751e8b465ee728b)  -> (artifact id: 'e23e6bf3b59f77243455b32a82b3cf5c') in 0.007996 seconds 
========================================================================
Received Import Request.
  Time since last request: 0.998456 seconds.
  path: Assets/Script/2D/Controller.cs
  artifactKey: Guid(f138d8b19e3e05b46b516211491aac4a) Importer(815301076,1909f56bfc062723c751e8b465ee728b)
Start importing Assets/Script/2D/Controller.cs using Guid(f138d8b19e3e05b46b516211491aac4a) Importer(815301076,1909f56bfc062723c751e8b465ee728b)  -> (artifact id: 'ef9f46f9e1fa9e16c7aab0f3b06417c9') in 0.006240 seconds 
========================================================================
Received Import Request.
  Time since last request: 0.883248 seconds.
  path: Assets/Script/PlayerInfo.cs
  artifactKey: Guid(c41eee60392ba394e80d7b6ca6017b5e) Importer(815301076,1909f56bfc062723c751e8b465ee728b)
Start importing Assets/Script/PlayerInfo.cs using Guid(c41eee60392ba394e80d7b6ca6017b5e) Importer(815301076,1909f56bfc062723c751e8b465ee728b)  -> (artifact id: '1b5d962f99b393b2f5c32a74593b9b74') in 0.009374 seconds 
========================================================================
Received Prepare
Registering precompiled user dll's ...
Registered in 0.003992 seconds.
Begin MonoManager ReloadAssembly
Symbol file LoadedFromMemory is not a mono symbol file
Native extension for WindowsStandalone target not found
Native extension for Android target not found
Refreshing native plugins compatible for Editor in 0.65 ms, found 3 plugins.
Preloading 0 native plugins for Editor in 0.00 ms.
Mono: successfully reloaded assembly
- Completed reload, in  1.310 seconds
Domain Reload Profiling:
	ReloadAssembly (1310ms)
		BeginReloadAssembly (111ms)
			ExecutionOrderSort (0ms)
			DisableScriptedObjects (3ms)
			BackupInstance (0ms)
			ReleaseScriptingObjects (0ms)
			CreateAndSetChildDomain (38ms)
		EndReloadAssembly (1075ms)
			LoadAssemblies (86ms)
			RebuildTransferFunctionScriptingTraits (0ms)
			SetupTypeCache (363ms)
				TypeCache.Initialize (358ms)
					TypeCache.ScanAssembly (353ms)
				ResolveRequiredComponents (4ms)
			ReleaseScriptCaches (1ms)
			RebuildScriptCaches (45ms)
			SetupLoadedEditorAssemblies (497ms)
				LogAssemblyErrors (0ms)
				InitializePlatformSupportModulesInManaged (19ms)
				SetLoadedEditorAssemblies (7ms)
				RefreshPlugins (1ms)
				BeforeProcessingInitializeOnLoad (67ms)
				ProcessInitializeOnLoadAttributes (333ms)
				ProcessInitializeOnLoadMethodAttributes (69ms)
				AfterProcessingInitializeOnLoad (1ms)
				EditorAssembliesLoaded (0ms)
			ExecutionOrderSort2 (0ms)
			AwakeInstancesAfterBackupRestoration (10ms)
Platform modules already initialized, skipping
Refreshing native plugins compatible for Editor in 12.28 ms, found 3 plugins.
Preloading 0 native plugins for Editor in 0.00 ms.
Unloading 5097 Unused Serialized files (Serialized files now loaded: 0)
Unloading 67 unused Assets / (2.3 MB). Loaded Objects now: 5626.
Memory consumption went from 0.77 GB to 0.77 GB.
Total: 2.532900 ms (FindLiveObjects: 0.232000 ms CreateObjectMapping: 0.145300 ms MarkObjects: 1.915200 ms  DeleteObjects: 0.239500 ms)

AssetImportParameters requested are different than current active one (requested -> active):
  custom:video-decoder-ogg-theora: a1e56fd34408186e4bbccfd4996cb3dc -> 
  custom:container-muxer-webm: aa71ff27fc2769a1b78a27578f13a17b -> 
  custom:container-demuxer-webm: 4f35f7cbe854078d1ac9338744f61a02 -> 
  custom:video-encoder-webm-vp8: eb34c28f22e8b96e1ab97ce403110664 -> 
  custom:video-codec-MediaFoundation-h265: 746d11721c4dcdbdad8f713fa42b33f4 -> 
  custom:audio-encoder-webm-vorbis: bf7c407c2cedff20999df2af8eb42d56 -> 
  custom:framework-win-MediaFoundation: 216162199b28c13a410421893ffa2e32 -> 
  custom:container-demuxer-ogg: 62fdf1f143b41e24485cea50d1cbac27 -> 
  custom:video-decoder-webm-vp8: 9c59270c3fd7afecdb556c50c9e8de78 -> 
  custom:audio-decoder-ogg-vorbis: bf7c407c2cedff20999df2af8eb42d56 -> 
========================================================================
Received Import Request.
  Time since last request: 228.086240 seconds.
  path: Assets/Font/English
  artifactKey: Guid(786601d86c9291f448fc45fdcafdc148) Importer(815301076,1909f56bfc062723c751e8b465ee728b)
Start importing Assets/Font/English using Guid(786601d86c9291f448fc45fdcafdc148) Importer(815301076,1909f56bfc062723c751e8b465ee728b)  -> (artifact id: '91e644227a3dd7ef2f1888c748ca9835') in 0.007738 seconds 
========================================================================
Received Import Request.
  Time since last request: 2.942407 seconds.
  path: Assets/JSON
  artifactKey: Guid(dee42fea213beaa4dbe8f0098bcea034) Importer(815301076,1909f56bfc062723c751e8b465ee728b)
Start importing Assets/JSON using Guid(dee42fea213beaa4dbe8f0098bcea034) Importer(815301076,1909f56bfc062723c751e8b465ee728b)  -> (artifact id: '7d8703f796bfb25c370c3e43d6df8fb7') in 0.006957 seconds 
========================================================================
Received Import Request.
  Time since last request: 1.388251 seconds.
  path: Assets/Material/HighLight Material.mat
  artifactKey: Guid(5a7a387d974e26949b03193f5df44fa1) Importer(815301076,1909f56bfc062723c751e8b465ee728b)
Start importing Assets/Material/HighLight Material.mat using Guid(5a7a387d974e26949b03193f5df44fa1) Importer(815301076,1909f56bfc062723c751e8b465ee728b)  -> (artifact id: '16d4f65da46ec78866a074caa7c460b8') in 0.103791 seconds 
========================================================================
Received Import Request.
  Time since last request: 8.375830 seconds.
  path: Assets/Prefab/Avater.prefab
  artifactKey: Guid(7e7b5323cf6aaac40a1166d25f2932db) Importer(815301076,1909f56bfc062723c751e8b465ee728b)
Start importing Assets/Prefab/Avater.prefab using Guid(7e7b5323cf6aaac40a1166d25f2932db) Importer(815301076,1909f56bfc062723c751e8b465ee728b)  -> (artifact id: '0948da2033214d598e7add7ecf7f0155') in 0.026429 seconds 
========================================================================
Received Import Request.
  Time since last request: 0.000026 seconds.
  path: Assets/Prefab/Column Finish highLight.prefab
  artifactKey: Guid(6d8600211b6b78b40a90a24713dbe047) Importer(815301076,1909f56bfc062723c751e8b465ee728b)
Start importing Assets/Prefab/Column Finish highLight.prefab using Guid(6d8600211b6b78b40a90a24713dbe047) Importer(815301076,1909f56bfc062723c751e8b465ee728b)  -> (artifact id: 'cc5207bc2141428039ce4c4095df8a6d') in 0.010753 seconds 
========================================================================
Received Import Request.
  Time since last request: 0.000021 seconds.
  path: Assets/Prefab/Header.prefab
  artifactKey: Guid(bf2c8ac8293241446b83a6e2cacbed26) Importer(815301076,1909f56bfc062723c751e8b465ee728b)
Start importing Assets/Prefab/Header.prefab using Guid(bf2c8ac8293241446b83a6e2cacbed26) Importer(815301076,1909f56bfc062723c751e8b465ee728b)  -> (artifact id: '77e5c0e18e1376174a30337c73cfa80a') in 0.013495 seconds 
========================================================================
Received Import Request.
  Time since last request: 0.000027 seconds.
  path: Assets/Prefab/PlayerInfo.prefab
  artifactKey: Guid(f333dd1426d71314fb3846f058a8123d) Importer(815301076,1909f56bfc062723c751e8b465ee728b)
Start importing Assets/Prefab/PlayerInfo.prefab using Guid(f333dd1426d71314fb3846f058a8123d) Importer(815301076,1909f56bfc062723c751e8b465ee728b)  -> (artifact id: '330ee088b33cd3661bfc49729843d6a7') in 0.012630 seconds 
========================================================================
Received Import Request.
  Time since last request: 0.000025 seconds.
  path: Assets/Prefab/Pop Up UI.prefab
  artifactKey: Guid(90c66142684909b4b86daf7416c39d31) Importer(815301076,1909f56bfc062723c751e8b465ee728b)
Start importing Assets/Prefab/Pop Up UI.prefab using Guid(90c66142684909b4b86daf7416c39d31) Importer(815301076,1909f56bfc062723c751e8b465ee728b)  -> (artifact id: '755f42019170da00f9ebd5f8bad6f2ca') in 0.011413 seconds 
========================================================================
Received Import Request.
  Time since last request: 0.000023 seconds.
  path: Assets/Prefab/Socket.prefab
  artifactKey: Guid(0b11edaa9291eed459d9531337dca4be) Importer(815301076,1909f56bfc062723c751e8b465ee728b)
Start importing Assets/Prefab/Socket.prefab using Guid(0b11edaa9291eed459d9531337dca4be) Importer(815301076,1909f56bfc062723c751e8b465ee728b)  -> (artifact id: '0007999e1d3763b2fa2c0cb056a2cce1') in 0.010881 seconds 
========================================================================
Received Import Request.
  Time since last request: 0.000039 seconds.
  path: Assets/Prefab/Click Sound.prefab
  artifactKey: Guid(1f13bb80fd750e44e97f689c40c06381) Importer(815301076,1909f56bfc062723c751e8b465ee728b)
Start importing Assets/Prefab/Click Sound.prefab using Guid(1f13bb80fd750e44e97f689c40c06381) Importer(815301076,1909f56bfc062723c751e8b465ee728b)  -> (artifact id: 'f686882d0bc5750085e1918854ae396f') in 0.010783 seconds 
